[debug] [2021-03-10T08:16:38.076Z] ----------------------------------------------------------------------
[debug] [2021-03-10T08:16:38.078Z] Command:       C:\Program Files\nodejs\node.exe C:\Users\flavi\AppData\Roaming\npm\node_modules\firebase-tools\lib\bin\firebase.js deploy --only functions --debug
[debug] [2021-03-10T08:16:38.079Z] CLI Version:   9.6.0
[debug] [2021-03-10T08:16:38.079Z] Platform:      win32
[debug] [2021-03-10T08:16:38.079Z] Node Version:  v12.18.3
[debug] [2021-03-10T08:16:38.080Z] Time:          Wed Mar 10 2021 09:16:38 GMT+0100 (Central European Standard Time)
[debug] [2021-03-10T08:16:38.080Z] ----------------------------------------------------------------------
[debug] [2021-03-10T08:16:38.080Z] 
[debug] [2021-03-10T08:16:38.088Z] > command requires scopes: ["email","openid","https://www.googleapis.com/auth/cloudplatformprojects.readonly","https://www.googleapis.com/auth/firebase","https://www.googleapis.com/auth/cloud-platform"]
[debug] [2021-03-10T08:16:38.091Z] > authorizing via signed-in user
[debug] [2021-03-10T08:16:38.092Z] [iam] checking project help-2-help for permissions ["cloudfunctions.functions.create","cloudfunctions.functions.delete","cloudfunctions.functions.get","cloudfunctions.functions.list","cloudfunctions.functions.update","cloudfunctions.operations.get","firebase.projects.get"]
[debug] [2021-03-10T08:16:38.095Z] >>> HTTP REQUEST POST https://cloudresourcemanager.googleapis.com/v1/projects/help-2-help:testIamPermissions  
 {"permissions":["cloudfunctions.functions.create","cloudfunctions.functions.delete","cloudfunctions.functions.get","cloudfunctions.functions.list","cloudfunctions.functions.update","cloudfunctions.operations.get","firebase.projects.get"]}
[debug] [2021-03-10T08:16:38.843Z] <<< HTTP RESPONSE 200 {"content-type":"application/json; charset=UTF-8","vary":"X-Origin, Referer, Origin,Accept-Encoding","date":"Wed, 10 Mar 2021 08:16:38 GMT","server":"ESF","cache-control":"private","x-xss-protection":"0","x-frame-options":"SAMEORIGIN","x-content-type-options":"nosniff","server-timing":"gfet4t7; dur=667","alt-svc":"h3-29=\":443\"; ma=2592000,h3-T051=\":443\"; ma=2592000,h3-Q050=\":443\"; ma=2592000,h3-Q046=\":443\"; ma=2592000,h3-Q043=\":443\"; ma=2592000,quic=\":443\"; ma=2592000; v=\"46,43\"","accept-ranges":"none","transfer-encoding":"chunked"}
[debug] [2021-03-10T08:16:38.846Z] >>> HTTP REQUEST POST https://iam.googleapis.com/v1/projects/help-2-help/serviceAccounts/help-2-help@appspot.gserviceaccount.com:testIamPermissions  
 {"permissions":["iam.serviceAccounts.actAs"]}
[debug] [2021-03-10T08:16:39.563Z] <<< HTTP RESPONSE 200 {"content-type":"application/json; charset=UTF-8","vary":"X-Origin, Referer, Origin,Accept-Encoding","date":"Wed, 10 Mar 2021 08:16:39 GMT","server":"ESF","cache-control":"private","x-xss-protection":"0","x-frame-options":"SAMEORIGIN","x-content-type-options":"nosniff","alt-svc":"h3-29=\":443\"; ma=2592000,h3-T051=\":443\"; ma=2592000,h3-Q050=\":443\"; ma=2592000,h3-Q046=\":443\"; ma=2592000,h3-Q043=\":443\"; ma=2592000,quic=\":443\"; ma=2592000; v=\"46,43\"","accept-ranges":"none","transfer-encoding":"chunked"}
[info] 
[info] === Deploying to 'help-2-help'...
[info] 
[info] i  deploying functions 
[info] Running command: npm --prefix "$RESOURCE_DIR" run lint
[info] Running command: npm --prefix "$RESOURCE_DIR" run build
[info] +  functions: Finished running predeploy script. 
[info] i  functions: ensuring required API cloudfunctions.googleapis.com is enabled... 
[info] i  functions: ensuring required API cloudbuild.googleapis.com is enabled... 
[debug] [2021-03-10T08:16:58.142Z] >>> HTTP REQUEST GET https://serviceusage.googleapis.com/v1/projects/help-2-help/services/cloudfunctions.googleapis.com  
 
[debug] [2021-03-10T08:16:58.152Z] >>> HTTP REQUEST GET https://serviceusage.googleapis.com/v1/projects/help-2-help/services/runtimeconfig.googleapis.com  
 
[debug] [2021-03-10T08:16:58.153Z] >>> HTTP REQUEST GET https://serviceusage.googleapis.com/v1/projects/help-2-help/services/cloudbuild.googleapis.com  
 
[debug] [2021-03-10T08:16:59.406Z] <<< HTTP RESPONSE 200 {"content-type":"application/json; charset=UTF-8","vary":"X-Origin, Referer, Origin,Accept-Encoding","date":"Wed, 10 Mar 2021 08:16:59 GMT","server":"ESF","cache-control":"private","x-xss-protection":"0","x-frame-options":"SAMEORIGIN","x-content-type-options":"nosniff","alt-svc":"h3-29=\":443\"; ma=2592000,h3-T051=\":443\"; ma=2592000,h3-Q050=\":443\"; ma=2592000,h3-Q046=\":443\"; ma=2592000,h3-Q043=\":443\"; ma=2592000,quic=\":443\"; ma=2592000; v=\"46,43\"","accept-ranges":"none","transfer-encoding":"chunked"}
[debug] [2021-03-10T08:16:59.502Z] <<< HTTP RESPONSE 200 {"content-type":"application/json; charset=UTF-8","vary":"X-Origin, Referer, Origin,Accept-Encoding","date":"Wed, 10 Mar 2021 08:16:59 GMT","server":"ESF","cache-control":"private","x-xss-protection":"0","x-frame-options":"SAMEORIGIN","x-content-type-options":"nosniff","alt-svc":"h3-29=\":443\"; ma=2592000,h3-T051=\":443\"; ma=2592000,h3-Q050=\":443\"; ma=2592000,h3-Q046=\":443\"; ma=2592000,h3-Q043=\":443\"; ma=2592000,quic=\":443\"; ma=2592000; v=\"46,43\"","accept-ranges":"none","transfer-encoding":"chunked"}
[info] +  functions: required API cloudbuild.googleapis.com is enabled 
[debug] [2021-03-10T08:16:59.802Z] <<< HTTP RESPONSE 200 {"content-type":"application/json; charset=UTF-8","vary":"X-Origin, Referer, Origin,Accept-Encoding","date":"Wed, 10 Mar 2021 08:16:59 GMT","server":"ESF","cache-control":"private","x-xss-protection":"0","x-frame-options":"SAMEORIGIN","x-content-type-options":"nosniff","alt-svc":"h3-29=\":443\"; ma=2592000,h3-T051=\":443\"; ma=2592000,h3-Q050=\":443\"; ma=2592000,h3-Q046=\":443\"; ma=2592000,h3-Q043=\":443\"; ma=2592000,quic=\":443\"; ma=2592000; v=\"46,43\"","accept-ranges":"none","transfer-encoding":"chunked"}
[info] +  functions: required API cloudfunctions.googleapis.com is enabled 
[debug] [2021-03-10T08:16:59.815Z] >>> HTTP REQUEST GET https://firebase.googleapis.com/v1beta1/projects/help-2-help/adminSdkConfig  
 
[debug] [2021-03-10T08:17:00.783Z] <<< HTTP RESPONSE 200 {"content-type":"application/json; charset=UTF-8","vary":"X-Origin, Referer, Origin,Accept-Encoding","date":"Wed, 10 Mar 2021 08:17:00 GMT","server":"ESF","cache-control":"private","x-xss-protection":"0","x-frame-options":"SAMEORIGIN","x-content-type-options":"nosniff","alt-svc":"h3-29=\":443\"; ma=2592000,h3-T051=\":443\"; ma=2592000,h3-Q050=\":443\"; ma=2592000,h3-Q046=\":443\"; ma=2592000,h3-Q043=\":443\"; ma=2592000,quic=\":443\"; ma=2592000; v=\"46,43\"","accept-ranges":"none","transfer-encoding":"chunked"}
[info] i  functions: preparing functions directory for uploading... 
[debug] [2021-03-10T08:17:00.797Z] >>> HTTP REQUEST GET https://runtimeconfig.googleapis.com/v1beta1/projects/help-2-help/configs  
 
[debug] [2021-03-10T08:17:02.297Z] <<< HTTP RESPONSE 200 {"content-type":"application/json; charset=UTF-8","vary":"X-Origin, Referer, Origin,Accept-Encoding","date":"Wed, 10 Mar 2021 08:17:01 GMT","server":"ESF","cache-control":"private","x-xss-protection":"0","x-frame-options":"SAMEORIGIN","x-content-type-options":"nosniff","alt-svc":"h3-29=\":443\"; ma=2592000,h3-T051=\":443\"; ma=2592000,h3-Q050=\":443\"; ma=2592000,h3-Q046=\":443\"; ma=2592000,h3-Q043=\":443\"; ma=2592000,quic=\":443\"; ma=2592000; v=\"46,43\"","accept-ranges":"none","transfer-encoding":"chunked"}
[debug] [2021-03-10T08:17:02.300Z] >>> HTTP REQUEST GET https://runtimeconfig.googleapis.com/v1beta1/projects/help-2-help/configs/algolia/variables  
 
[debug] [2021-03-10T08:17:02.655Z] <<< HTTP RESPONSE 200 {"content-type":"application/json; charset=UTF-8","vary":"X-Origin, Referer, Origin,Accept-Encoding","date":"Wed, 10 Mar 2021 08:17:02 GMT","server":"ESF","cache-control":"private","x-xss-protection":"0","x-frame-options":"SAMEORIGIN","x-content-type-options":"nosniff","alt-svc":"h3-29=\":443\"; ma=2592000,h3-T051=\":443\"; ma=2592000,h3-Q050=\":443\"; ma=2592000,h3-Q046=\":443\"; ma=2592000,h3-Q043=\":443\"; ma=2592000,quic=\":443\"; ma=2592000; v=\"46,43\"","accept-ranges":"none","transfer-encoding":"chunked"}
[debug] [2021-03-10T08:17:02.658Z] >>> HTTP REQUEST GET https://runtimeconfig.googleapis.com/v1beta1/projects/help-2-help/configs/algolia/variables/apikey  
 
[debug] [2021-03-10T08:17:02.670Z] >>> HTTP REQUEST GET https://runtimeconfig.googleapis.com/v1beta1/projects/help-2-help/configs/algolia/variables/appid  
 
[debug] [2021-03-10T08:17:02.887Z] <<< HTTP RESPONSE 200 {"content-type":"application/json; charset=UTF-8","vary":"X-Origin, Referer, Origin,Accept-Encoding","date":"Wed, 10 Mar 2021 08:17:03 GMT","server":"ESF","cache-control":"private","x-xss-protection":"0","x-frame-options":"SAMEORIGIN","x-content-type-options":"nosniff","alt-svc":"h3-29=\":443\"; ma=2592000,h3-T051=\":443\"; ma=2592000,h3-Q050=\":443\"; ma=2592000,h3-Q046=\":443\"; ma=2592000,h3-Q043=\":443\"; ma=2592000,quic=\":443\"; ma=2592000; v=\"46,43\"","accept-ranges":"none","transfer-encoding":"chunked"}
[debug] [2021-03-10T08:17:03.014Z] <<< HTTP RESPONSE 200 {"content-type":"application/json; charset=UTF-8","vary":"X-Origin, Referer, Origin,Accept-Encoding","date":"Wed, 10 Mar 2021 08:17:03 GMT","server":"ESF","cache-control":"private","x-xss-protection":"0","x-frame-options":"SAMEORIGIN","x-content-type-options":"nosniff","alt-svc":"h3-29=\":443\"; ma=2592000,h3-T051=\":443\"; ma=2592000,h3-Q050=\":443\"; ma=2592000,h3-Q046=\":443\"; ma=2592000,h3-Q043=\":443\"; ma=2592000,quic=\":443\"; ma=2592000; v=\"46,43\"","accept-ranges":"none","transfer-encoding":"chunked"}
[info] i  functions: packaged functions (44.87 KB) for uploading 
[debug] [2021-03-10T08:17:03.223Z] > [functions] package.json contents: {
  "name": "functions",
  "scripts": {
    "lint": "eslint \"src/**/*\"",
    "build": "tsc",
    "serve": "npm run build && firebase emulators:start --only functions",
    "shell": "npm run build && firebase functions:shell",
    "start": "npm run shell",
    "deploy": "firebase deploy --only functions",
    "logs": "firebase functions:log"
  },
  "engines": {
    "node": "12"
  },
  "main": "lib/index.js",
  "dependencies": {
    "algoliasearch": "^4.8.6",
    "firebase-admin": "^9.2.0",
    "firebase-functions": "^3.11.0"
  },
  "devDependencies": {
    "@typescript-eslint/eslint-plugin": "^3.9.1",
    "@typescript-eslint/parser": "^3.8.0",
    "eslint": "^7.6.0",
    "eslint-plugin-import": "^2.22.0",
    "typescript": "^3.8.0",
    "firebase-functions-test": "^0.2.0"
  },
  "private": true
}
[debug] [2021-03-10T08:17:03.254Z] >>> HTTP REQUEST GET https://cloudfunctions.googleapis.com/v1/projects/help-2-help/locations/-/functions  
 
[debug] [2021-03-10T08:17:03.770Z] <<< HTTP RESPONSE 200 {"content-type":"application/json; charset=UTF-8","vary":"X-Origin, Referer, Origin,Accept-Encoding","date":"Wed, 10 Mar 2021 08:17:03 GMT","server":"ESF","cache-control":"private","x-xss-protection":"0","x-frame-options":"SAMEORIGIN","x-content-type-options":"nosniff","alt-svc":"h3-29=\":443\"; ma=2592000,h3-T051=\":443\"; ma=2592000,h3-Q050=\":443\"; ma=2592000,h3-Q046=\":443\"; ma=2592000,h3-Q043=\":443\"; ma=2592000,quic=\":443\"; ma=2592000; v=\"46,43\"","accept-ranges":"none","transfer-encoding":"chunked"}
[debug] [2021-03-10T08:17:03.772Z] >>> HTTP REQUEST POST https://cloudfunctions.googleapis.com/v1/projects/help-2-help/locations/us-central1/functions:generateUploadUrl  
 
[debug] [2021-03-10T08:17:04.212Z] <<< HTTP RESPONSE 200 {"content-type":"application/json; charset=UTF-8","vary":"X-Origin, Referer, Origin,Accept-Encoding","date":"Wed, 10 Mar 2021 08:17:04 GMT","server":"ESF","cache-control":"private","x-xss-protection":"0","x-frame-options":"SAMEORIGIN","x-content-type-options":"nosniff","alt-svc":"h3-29=\":443\"; ma=2592000,h3-T051=\":443\"; ma=2592000,h3-Q050=\":443\"; ma=2592000,h3-Q046=\":443\"; ma=2592000,h3-Q043=\":443\"; ma=2592000,quic=\":443\"; ma=2592000; v=\"46,43\"","accept-ranges":"none","transfer-encoding":"chunked"}
[debug] [2021-03-10T08:17:04.214Z] >>> HTTP REQUEST PUT https://storage.googleapis.com/gcf-upload-us-central1-a13eb551-86e7-4d0d-9f94-08da1fc5ea32/b554f02e-597f-4672-a07a-58d9348648bb.zip?GoogleAccessId=service-697938195108@gcf-admin-robot.iam.gserviceaccount.com&Expires=1615366024&Signature=gDHSAiBHhlUUIqyatuDzlDlKkHqXkPjhw0L%2FQflZPBYt1XSnJAJGLCMwVLwsJlwmIuNLa8PHwnwLdnIrfwtDH3jAbjOlK2jUznBOKgQ6%2FKnuuGxyM6nAJlnfmK%2Fq3W1Ijp%2BfUEcyS6Sw9nLErFawX2cJyyf0LEUJ47EpxAIaIqm1yS9GgKn9B5Hms6ddrUzWnegX73Bmgw6jsMatYd%2BRDR1Ob87QnuLPEhtnDYwCrK%2FAzQT2xyVdtfBeR6e9va71AkuQ4TQsEmMNLhMY4yN%2BogKCYyirmKSxuLuYv7YeELNVwl8T2FOmaiRninstoXIjgor4dcUobjw3CG1ERBNKzA%3D%3D  
 <request body omitted>
[debug] [2021-03-10T08:17:04.520Z] <<< HTTP RESPONSE 200 {"x-guploader-uploadid":"ABg5-UyQnHQNi-_L3dfm_JEjt9aEVWU01MAg_2upWKyek54hydjjs5RxqTTCaQMyQYEGibTbXePYqRhR4ICaUSFKWsfv4MRtMA","etag":"\"b5dcb4e532b22d518fbd5bca7eda0ee7\"","x-goog-generation":"1615364224653404","x-goog-metageneration":"1","x-goog-hash":"crc32c=VmmUxw==, md5=tdy05TKyLVGPvVvKftoO5w==","x-goog-stored-content-length":"45949","x-goog-stored-content-encoding":"identity","vary":"Origin","content-length":"0","date":"Wed, 10 Mar 2021 08:17:04 GMT","server":"UploadServer","content-type":"text/html; charset=UTF-8","alt-svc":"h3-29=\":443\"; ma=2592000,h3-T051=\":443\"; ma=2592000,h3-Q050=\":443\"; ma=2592000,h3-Q046=\":443\"; ma=2592000,h3-Q043=\":443\"; ma=2592000,quic=\":443\"; ma=2592000; v=\"46,43\""}
[info] +  functions: functions folder uploaded successfully 
[info] i  functions: creating Node.js 12 function indexOrganization(us-central1)... 
[debug] [2021-03-10T08:17:04.542Z] >>> HTTP REQUEST POST https://cloudfunctions.googleapis.com/v1/projects/help-2-help/locations/us-central1/functions  
 {"sourceUploadUrl":"https://storage.googleapis.com/gcf-upload-us-central1-a13eb551-86e7-4d0d-9f94-08da1fc5ea32/b554f02e-597f-4672-a07a-58d9348648bb.zip?GoogleAccessId=service-697938195108@gcf-admin-robot.iam.gserviceaccount.com&Expires=1615366024&Signature=gDHSAiBHhlUUIqyatuDzlDlKkHqXkPjhw0L%2FQflZPBYt1XSnJAJGLCMwVLwsJlwmIuNLa8PHwnwLdnIrfwtDH3jAbjOlK2jUznBOKgQ6%2FKnuuGxyM6nAJlnfmK%2Fq3W1Ijp%2BfUEcyS6Sw9nLErFawX2cJyyf0LEUJ47EpxAIaIqm1yS9GgKn9B5Hms6ddrUzWnegX73Bmgw6jsMatYd%2BRDR1Ob87QnuLPEhtnDYwCrK%2FAzQT2xyVdtfBeR6e9va71AkuQ4TQsEmMNLhMY4yN%2BogKCYyirmKSxuLuYv7YeELNVwl8T2FOmaiRninstoXIjgor4dcUobjw3CG1ERBNKzA%3D%3D","name":"projects/help-2-help/locations/us-central1/functions/indexOrganization","entryPoint":"indexOrganization","labels":{"deployment-tool":"cli-firebase"},"runtime":"nodejs12","environmentVariables":{"FIREBASE_CONFIG":"{\"projectId\":\"help-2-help\",\"databaseURL\":\"https://help-2-help-default-rtdb.europe-west1.firebasedatabase.app\",\"storageBucket\":\"help-2-help.appspot.com\",\"locationId\":\"europe-west\"}"},"eventTrigger":{"resource":"projects/help-2-help/databases/(default)/documents/organization/{organizationId}","eventType":"providers/cloud.firestore/eventTypes/document.create","service":"firestore.googleapis.com"}}
[debug] [2021-03-10T08:17:05.408Z] <<< HTTP RESPONSE 200 {"content-type":"application/json; charset=UTF-8","vary":"X-Origin, Referer, Origin,Accept-Encoding","date":"Wed, 10 Mar 2021 08:17:05 GMT","server":"ESF","cache-control":"private","x-xss-protection":"0","x-frame-options":"SAMEORIGIN","x-content-type-options":"nosniff","alt-svc":"h3-29=\":443\"; ma=2592000,h3-T051=\":443\"; ma=2592000,h3-Q050=\":443\"; ma=2592000,h3-Q046=\":443\"; ma=2592000,h3-Q043=\":443\"; ma=2592000,quic=\":443\"; ma=2592000; v=\"46,43\"","accept-ranges":"none","transfer-encoding":"chunked"}
[debug] [2021-03-10T08:17:05.411Z] > refreshing access token with scopes: []
[debug] [2021-03-10T08:17:05.422Z] >>> HTTP REQUEST POST https://www.googleapis.com/oauth2/v3/token  
 <request body omitted>
[debug] [2021-03-10T08:17:05.549Z] <<< HTTP RESPONSE 200 {"date":"Wed, 10 Mar 2021 08:17:05 GMT","expires":"Mon, 01 Jan 1990 00:00:00 GMT","pragma":"no-cache","cache-control":"no-cache, no-store, max-age=0, must-revalidate","content-type":"application/json; charset=utf-8","vary":"X-Origin, Referer, Origin,Accept-Encoding","server":"scaffolding on HTTPServer2","x-xss-protection":"0","x-frame-options":"SAMEORIGIN","x-content-type-options":"nosniff","alt-svc":"h3-29=\":443\"; ma=2592000,h3-T051=\":443\"; ma=2592000,h3-Q050=\":443\"; ma=2592000,h3-Q046=\":443\"; ma=2592000,h3-Q043=\":443\"; ma=2592000,quic=\":443\"; ma=2592000; v=\"46,43\"","accept-ranges":"none","transfer-encoding":"chunked"}
[debug] [2021-03-10T08:17:05.564Z] >>> [apiv2][query] GET https://cloudfunctions.googleapis.com/v1/operations/aGVscC0yLWhlbHAvdXMtY2VudHJhbDEvaW5kZXhPcmdhbml6YXRpb24veEJmSHdFbFBGb0k [none]
[debug] [2021-03-10T08:17:05.793Z] <<< [apiv2][status] GET https://cloudfunctions.googleapis.com/v1/operations/aGVscC0yLWhlbHAvdXMtY2VudHJhbDEvaW5kZXhPcmdhbml6YXRpb24veEJmSHdFbFBGb0k 200
[debug] [2021-03-10T08:17:05.794Z] <<< [apiv2][body] GET https://cloudfunctions.googleapis.com/v1/operations/aGVscC0yLWhlbHAvdXMtY2VudHJhbDEvaW5kZXhPcmdhbml6YXRpb24veEJmSHdFbFBGb0k {"name":"operations/aGVscC0yLWhlbHAvdXMtY2VudHJhbDEvaW5kZXhPcmdhbml6YXRpb24veEJmSHdFbFBGb0k","metadata":{"@type":"type.googleapis.com/google.cloud.functions.v1.OperationMetadataV1","target":"projects/help-2-help/locations/us-central1/functions/indexOrganization","type":"CREATE_FUNCTION","request":{"@type":"type.googleapis.com/google.cloud.functions.v1.CloudFunction","name":"projects/help-2-help/locations/us-central1/functions/indexOrganization","eventTrigger":{"eventType":"providers/cloud.firestore/eventTypes/document.create","resource":"projects/help-2-help/databases/(default)/documents/organization/{organizationId}","service":"firestore.googleapis.com"},"entryPoint":"indexOrganization","labels":{"deployment-tool":"cli-firebase"},"sourceUploadUrl":"https://storage.googleapis.com/gcf-upload-us-central1-a13eb551-86e7-4d0d-9f94-08da1fc5ea32/b554f02e-597f-4672-a07a-58d9348648bb.zip?GoogleAccessId=service-697938195108@gcf-admin-robot.iam.gserviceaccount.com&Expires=1615366024&Signature=gDHSAiBHhlUUIqyatuDzlDlKkHqXkPjhw0L%2FQflZPBYt1XSnJAJGLCMwVLwsJlwmIuNLa8PHwnwLdnIrfwtDH3jAbjOlK2jUznBOKgQ6%2FKnuuGxyM6nAJlnfmK%2Fq3W1Ijp%2BfUEcyS6Sw9nLErFawX2cJyyf0LEUJ47EpxAIaIqm1yS9GgKn9B5Hms6ddrUzWnegX73Bmgw6jsMatYd%2BRDR1Ob87QnuLPEhtnDYwCrK%2FAzQT2xyVdtfBeR6e9va71AkuQ4TQsEmMNLhMY4yN%2BogKCYyirmKSxuLuYv7YeELNVwl8T2FOmaiRninstoXIjgor4dcUobjw3CG1ERBNKzA%3D%3D","environmentVariables":{"FIREBASE_CONFIG":"{\"projectId\":\"help-2-help\",\"databaseURL\":\"https://help-2-help-default-rtdb.europe-west1.firebasedatabase.app\",\"storageBucket\":\"help-2-help.appspot.com\",\"locationId\":\"europe-west\"}"},"runtime":"nodejs12"},"versionId":"1","updateTime":"2021-03-10T08:17:05Z"}}
[debug] [2021-03-10T08:17:06.327Z] [create-projects/help-2-help/locations/us-central1/functions/indexOrganization] Retrying task index 0
[debug] [2021-03-10T08:17:06.328Z] >>> [apiv2][query] GET https://cloudfunctions.googleapis.com/v1/operations/aGVscC0yLWhlbHAvdXMtY2VudHJhbDEvaW5kZXhPcmdhbml6YXRpb24veEJmSHdFbFBGb0k [none]
[debug] [2021-03-10T08:17:06.584Z] <<< [apiv2][status] GET https://cloudfunctions.googleapis.com/v1/operations/aGVscC0yLWhlbHAvdXMtY2VudHJhbDEvaW5kZXhPcmdhbml6YXRpb24veEJmSHdFbFBGb0k 200
[debug] [2021-03-10T08:17:06.584Z] <<< [apiv2][body] GET https://cloudfunctions.googleapis.com/v1/operations/aGVscC0yLWhlbHAvdXMtY2VudHJhbDEvaW5kZXhPcmdhbml6YXRpb24veEJmSHdFbFBGb0k {"name":"operations/aGVscC0yLWhlbHAvdXMtY2VudHJhbDEvaW5kZXhPcmdhbml6YXRpb24veEJmSHdFbFBGb0k","metadata":{"@type":"type.googleapis.com/google.cloud.functions.v1.OperationMetadataV1","target":"projects/help-2-help/locations/us-central1/functions/indexOrganization","type":"CREATE_FUNCTION","request":{"@type":"type.googleapis.com/google.cloud.functions.v1.CloudFunction","name":"projects/help-2-help/locations/us-central1/functions/indexOrganization","eventTrigger":{"eventType":"providers/cloud.firestore/eventTypes/document.create","resource":"projects/help-2-help/databases/(default)/documents/organization/{organizationId}","service":"firestore.googleapis.com"},"entryPoint":"indexOrganization","labels":{"deployment-tool":"cli-firebase"},"sourceUploadUrl":"https://storage.googleapis.com/gcf-upload-us-central1-a13eb551-86e7-4d0d-9f94-08da1fc5ea32/b554f02e-597f-4672-a07a-58d9348648bb.zip?GoogleAccessId=service-697938195108@gcf-admin-robot.iam.gserviceaccount.com&Expires=1615366024&Signature=gDHSAiBHhlUUIqyatuDzlDlKkHqXkPjhw0L%2FQflZPBYt1XSnJAJGLCMwVLwsJlwmIuNLa8PHwnwLdnIrfwtDH3jAbjOlK2jUznBOKgQ6%2FKnuuGxyM6nAJlnfmK%2Fq3W1Ijp%2BfUEcyS6Sw9nLErFawX2cJyyf0LEUJ47EpxAIaIqm1yS9GgKn9B5Hms6ddrUzWnegX73Bmgw6jsMatYd%2BRDR1Ob87QnuLPEhtnDYwCrK%2FAzQT2xyVdtfBeR6e9va71AkuQ4TQsEmMNLhMY4yN%2BogKCYyirmKSxuLuYv7YeELNVwl8T2FOmaiRninstoXIjgor4dcUobjw3CG1ERBNKzA%3D%3D","environmentVariables":{"FIREBASE_CONFIG":"{\"projectId\":\"help-2-help\",\"databaseURL\":\"https://help-2-help-default-rtdb.europe-west1.firebasedatabase.app\",\"storageBucket\":\"help-2-help.appspot.com\",\"locationId\":\"europe-west\"}"},"runtime":"nodejs12"},"versionId":"1","updateTime":"2021-03-10T08:17:05Z"}}
[debug] [2021-03-10T08:17:07.611Z] [create-projects/help-2-help/locations/us-central1/functions/indexOrganization] Retrying task index 0
[debug] [2021-03-10T08:17:07.613Z] >>> [apiv2][query] GET https://cloudfunctions.googleapis.com/v1/operations/aGVscC0yLWhlbHAvdXMtY2VudHJhbDEvaW5kZXhPcmdhbml6YXRpb24veEJmSHdFbFBGb0k [none]
[debug] [2021-03-10T08:17:07.895Z] <<< [apiv2][status] GET https://cloudfunctions.googleapis.com/v1/operations/aGVscC0yLWhlbHAvdXMtY2VudHJhbDEvaW5kZXhPcmdhbml6YXRpb24veEJmSHdFbFBGb0k 200
[debug] [2021-03-10T08:17:07.895Z] <<< [apiv2][body] GET https://cloudfunctions.googleapis.com/v1/operations/aGVscC0yLWhlbHAvdXMtY2VudHJhbDEvaW5kZXhPcmdhbml6YXRpb24veEJmSHdFbFBGb0k {"name":"operations/aGVscC0yLWhlbHAvdXMtY2VudHJhbDEvaW5kZXhPcmdhbml6YXRpb24veEJmSHdFbFBGb0k","metadata":{"@type":"type.googleapis.com/google.cloud.functions.v1.OperationMetadataV1","target":"projects/help-2-help/locations/us-central1/functions/indexOrganization","type":"CREATE_FUNCTION","request":{"@type":"type.googleapis.com/google.cloud.functions.v1.CloudFunction","name":"projects/help-2-help/locations/us-central1/functions/indexOrganization","eventTrigger":{"eventType":"providers/cloud.firestore/eventTypes/document.create","resource":"projects/help-2-help/databases/(default)/documents/organization/{organizationId}","service":"firestore.googleapis.com"},"entryPoint":"indexOrganization","labels":{"deployment-tool":"cli-firebase"},"sourceUploadUrl":"https://storage.googleapis.com/gcf-upload-us-central1-a13eb551-86e7-4d0d-9f94-08da1fc5ea32/b554f02e-597f-4672-a07a-58d9348648bb.zip?GoogleAccessId=service-697938195108@gcf-admin-robot.iam.gserviceaccount.com&Expires=1615366024&Signature=gDHSAiBHhlUUIqyatuDzlDlKkHqXkPjhw0L%2FQflZPBYt1XSnJAJGLCMwVLwsJlwmIuNLa8PHwnwLdnIrfwtDH3jAbjOlK2jUznBOKgQ6%2FKnuuGxyM6nAJlnfmK%2Fq3W1Ijp%2BfUEcyS6Sw9nLErFawX2cJyyf0LEUJ47EpxAIaIqm1yS9GgKn9B5Hms6ddrUzWnegX73Bmgw6jsMatYd%2BRDR1Ob87QnuLPEhtnDYwCrK%2FAzQT2xyVdtfBeR6e9va71AkuQ4TQsEmMNLhMY4yN%2BogKCYyirmKSxuLuYv7YeELNVwl8T2FOmaiRninstoXIjgor4dcUobjw3CG1ERBNKzA%3D%3D","environmentVariables":{"FIREBASE_CONFIG":"{\"projectId\":\"help-2-help\",\"databaseURL\":\"https://help-2-help-default-rtdb.europe-west1.firebasedatabase.app\",\"storageBucket\":\"help-2-help.appspot.com\",\"locationId\":\"europe-west\"}"},"runtime":"nodejs12"},"versionId":"1","updateTime":"2021-03-10T08:17:05Z","buildId":"9b695a38-98fc-47d8-a98a-2e6471ef1d56"}}
[debug] [2021-03-10T08:17:09.926Z] [create-projects/help-2-help/locations/us-central1/functions/indexOrganization] Retrying task index 0
[debug] [2021-03-10T08:17:09.927Z] >>> [apiv2][query] GET https://cloudfunctions.googleapis.com/v1/operations/aGVscC0yLWhlbHAvdXMtY2VudHJhbDEvaW5kZXhPcmdhbml6YXRpb24veEJmSHdFbFBGb0k [none]
[debug] [2021-03-10T08:17:10.152Z] <<< [apiv2][status] GET https://cloudfunctions.googleapis.com/v1/operations/aGVscC0yLWhlbHAvdXMtY2VudHJhbDEvaW5kZXhPcmdhbml6YXRpb24veEJmSHdFbFBGb0k 200
[debug] [2021-03-10T08:17:10.153Z] <<< [apiv2][body] GET https://cloudfunctions.googleapis.com/v1/operations/aGVscC0yLWhlbHAvdXMtY2VudHJhbDEvaW5kZXhPcmdhbml6YXRpb24veEJmSHdFbFBGb0k {"name":"operations/aGVscC0yLWhlbHAvdXMtY2VudHJhbDEvaW5kZXhPcmdhbml6YXRpb24veEJmSHdFbFBGb0k","metadata":{"@type":"type.googleapis.com/google.cloud.functions.v1.OperationMetadataV1","target":"projects/help-2-help/locations/us-central1/functions/indexOrganization","type":"CREATE_FUNCTION","request":{"@type":"type.googleapis.com/google.cloud.functions.v1.CloudFunction","name":"projects/help-2-help/locations/us-central1/functions/indexOrganization","eventTrigger":{"eventType":"providers/cloud.firestore/eventTypes/document.create","resource":"projects/help-2-help/databases/(default)/documents/organization/{organizationId}","service":"firestore.googleapis.com"},"entryPoint":"indexOrganization","labels":{"deployment-tool":"cli-firebase"},"sourceUploadUrl":"https://storage.googleapis.com/gcf-upload-us-central1-a13eb551-86e7-4d0d-9f94-08da1fc5ea32/b554f02e-597f-4672-a07a-58d9348648bb.zip?GoogleAccessId=service-697938195108@gcf-admin-robot.iam.gserviceaccount.com&Expires=1615366024&Signature=gDHSAiBHhlUUIqyatuDzlDlKkHqXkPjhw0L%2FQflZPBYt1XSnJAJGLCMwVLwsJlwmIuNLa8PHwnwLdnIrfwtDH3jAbjOlK2jUznBOKgQ6%2FKnuuGxyM6nAJlnfmK%2Fq3W1Ijp%2BfUEcyS6Sw9nLErFawX2cJyyf0LEUJ47EpxAIaIqm1yS9GgKn9B5Hms6ddrUzWnegX73Bmgw6jsMatYd%2BRDR1Ob87QnuLPEhtnDYwCrK%2FAzQT2xyVdtfBeR6e9va71AkuQ4TQsEmMNLhMY4yN%2BogKCYyirmKSxuLuYv7YeELNVwl8T2FOmaiRninstoXIjgor4dcUobjw3CG1ERBNKzA%3D%3D","environmentVariables":{"FIREBASE_CONFIG":"{\"projectId\":\"help-2-help\",\"databaseURL\":\"https://help-2-help-default-rtdb.europe-west1.firebasedatabase.app\",\"storageBucket\":\"help-2-help.appspot.com\",\"locationId\":\"europe-west\"}"},"runtime":"nodejs12"},"versionId":"1","updateTime":"2021-03-10T08:17:05Z","buildId":"9b695a38-98fc-47d8-a98a-2e6471ef1d56"}}
[debug] [2021-03-10T08:17:14.188Z] [create-projects/help-2-help/locations/us-central1/functions/indexOrganization] Retrying task index 0
[debug] [2021-03-10T08:17:14.189Z] >>> [apiv2][query] GET https://cloudfunctions.googleapis.com/v1/operations/aGVscC0yLWhlbHAvdXMtY2VudHJhbDEvaW5kZXhPcmdhbml6YXRpb24veEJmSHdFbFBGb0k [none]
[debug] [2021-03-10T08:17:14.415Z] <<< [apiv2][status] GET https://cloudfunctions.googleapis.com/v1/operations/aGVscC0yLWhlbHAvdXMtY2VudHJhbDEvaW5kZXhPcmdhbml6YXRpb24veEJmSHdFbFBGb0k 200
[debug] [2021-03-10T08:17:14.416Z] <<< [apiv2][body] GET https://cloudfunctions.googleapis.com/v1/operations/aGVscC0yLWhlbHAvdXMtY2VudHJhbDEvaW5kZXhPcmdhbml6YXRpb24veEJmSHdFbFBGb0k {"name":"operations/aGVscC0yLWhlbHAvdXMtY2VudHJhbDEvaW5kZXhPcmdhbml6YXRpb24veEJmSHdFbFBGb0k","metadata":{"@type":"type.googleapis.com/google.cloud.functions.v1.OperationMetadataV1","target":"projects/help-2-help/locations/us-central1/functions/indexOrganization","type":"CREATE_FUNCTION","request":{"@type":"type.googleapis.com/google.cloud.functions.v1.CloudFunction","name":"projects/help-2-help/locations/us-central1/functions/indexOrganization","eventTrigger":{"eventType":"providers/cloud.firestore/eventTypes/document.create","resource":"projects/help-2-help/databases/(default)/documents/organization/{organizationId}","service":"firestore.googleapis.com"},"entryPoint":"indexOrganization","labels":{"deployment-tool":"cli-firebase"},"sourceUploadUrl":"https://storage.googleapis.com/gcf-upload-us-central1-a13eb551-86e7-4d0d-9f94-08da1fc5ea32/b554f02e-597f-4672-a07a-58d9348648bb.zip?GoogleAccessId=service-697938195108@gcf-admin-robot.iam.gserviceaccount.com&Expires=1615366024&Signature=gDHSAiBHhlUUIqyatuDzlDlKkHqXkPjhw0L%2FQflZPBYt1XSnJAJGLCMwVLwsJlwmIuNLa8PHwnwLdnIrfwtDH3jAbjOlK2jUznBOKgQ6%2FKnuuGxyM6nAJlnfmK%2Fq3W1Ijp%2BfUEcyS6Sw9nLErFawX2cJyyf0LEUJ47EpxAIaIqm1yS9GgKn9B5Hms6ddrUzWnegX73Bmgw6jsMatYd%2BRDR1Ob87QnuLPEhtnDYwCrK%2FAzQT2xyVdtfBeR6e9va71AkuQ4TQsEmMNLhMY4yN%2BogKCYyirmKSxuLuYv7YeELNVwl8T2FOmaiRninstoXIjgor4dcUobjw3CG1ERBNKzA%3D%3D","environmentVariables":{"FIREBASE_CONFIG":"{\"projectId\":\"help-2-help\",\"databaseURL\":\"https://help-2-help-default-rtdb.europe-west1.firebasedatabase.app\",\"storageBucket\":\"help-2-help.appspot.com\",\"locationId\":\"europe-west\"}"},"runtime":"nodejs12"},"versionId":"1","updateTime":"2021-03-10T08:17:05Z","buildId":"9b695a38-98fc-47d8-a98a-2e6471ef1d56"}}
[debug] [2021-03-10T08:17:22.438Z] [create-projects/help-2-help/locations/us-central1/functions/indexOrganization] Retrying task index 0
[debug] [2021-03-10T08:17:22.439Z] >>> [apiv2][query] GET https://cloudfunctions.googleapis.com/v1/operations/aGVscC0yLWhlbHAvdXMtY2VudHJhbDEvaW5kZXhPcmdhbml6YXRpb24veEJmSHdFbFBGb0k [none]
[debug] [2021-03-10T08:17:22.689Z] <<< [apiv2][status] GET https://cloudfunctions.googleapis.com/v1/operations/aGVscC0yLWhlbHAvdXMtY2VudHJhbDEvaW5kZXhPcmdhbml6YXRpb24veEJmSHdFbFBGb0k 200
[debug] [2021-03-10T08:17:22.690Z] <<< [apiv2][body] GET https://cloudfunctions.googleapis.com/v1/operations/aGVscC0yLWhlbHAvdXMtY2VudHJhbDEvaW5kZXhPcmdhbml6YXRpb24veEJmSHdFbFBGb0k {"name":"operations/aGVscC0yLWhlbHAvdXMtY2VudHJhbDEvaW5kZXhPcmdhbml6YXRpb24veEJmSHdFbFBGb0k","metadata":{"@type":"type.googleapis.com/google.cloud.functions.v1.OperationMetadataV1","target":"projects/help-2-help/locations/us-central1/functions/indexOrganization","type":"CREATE_FUNCTION","request":{"@type":"type.googleapis.com/google.cloud.functions.v1.CloudFunction","name":"projects/help-2-help/locations/us-central1/functions/indexOrganization","eventTrigger":{"eventType":"providers/cloud.firestore/eventTypes/document.create","resource":"projects/help-2-help/databases/(default)/documents/organization/{organizationId}","service":"firestore.googleapis.com"},"entryPoint":"indexOrganization","labels":{"deployment-tool":"cli-firebase"},"sourceUploadUrl":"https://storage.googleapis.com/gcf-upload-us-central1-a13eb551-86e7-4d0d-9f94-08da1fc5ea32/b554f02e-597f-4672-a07a-58d9348648bb.zip?GoogleAccessId=service-697938195108@gcf-admin-robot.iam.gserviceaccount.com&Expires=1615366024&Signature=gDHSAiBHhlUUIqyatuDzlDlKkHqXkPjhw0L%2FQflZPBYt1XSnJAJGLCMwVLwsJlwmIuNLa8PHwnwLdnIrfwtDH3jAbjOlK2jUznBOKgQ6%2FKnuuGxyM6nAJlnfmK%2Fq3W1Ijp%2BfUEcyS6Sw9nLErFawX2cJyyf0LEUJ47EpxAIaIqm1yS9GgKn9B5Hms6ddrUzWnegX73Bmgw6jsMatYd%2BRDR1Ob87QnuLPEhtnDYwCrK%2FAzQT2xyVdtfBeR6e9va71AkuQ4TQsEmMNLhMY4yN%2BogKCYyirmKSxuLuYv7YeELNVwl8T2FOmaiRninstoXIjgor4dcUobjw3CG1ERBNKzA%3D%3D","environmentVariables":{"FIREBASE_CONFIG":"{\"projectId\":\"help-2-help\",\"databaseURL\":\"https://help-2-help-default-rtdb.europe-west1.firebasedatabase.app\",\"storageBucket\":\"help-2-help.appspot.com\",\"locationId\":\"europe-west\"}"},"runtime":"nodejs12"},"versionId":"1","updateTime":"2021-03-10T08:17:05Z","buildId":"9b695a38-98fc-47d8-a98a-2e6471ef1d56"}}
[debug] [2021-03-10T08:17:38.716Z] [create-projects/help-2-help/locations/us-central1/functions/indexOrganization] Retrying task index 0
[debug] [2021-03-10T08:17:38.717Z] >>> [apiv2][query] GET https://cloudfunctions.googleapis.com/v1/operations/aGVscC0yLWhlbHAvdXMtY2VudHJhbDEvaW5kZXhPcmdhbml6YXRpb24veEJmSHdFbFBGb0k [none]
[debug] [2021-03-10T08:17:38.936Z] <<< [apiv2][status] GET https://cloudfunctions.googleapis.com/v1/operations/aGVscC0yLWhlbHAvdXMtY2VudHJhbDEvaW5kZXhPcmdhbml6YXRpb24veEJmSHdFbFBGb0k 200
[debug] [2021-03-10T08:17:38.936Z] <<< [apiv2][body] GET https://cloudfunctions.googleapis.com/v1/operations/aGVscC0yLWhlbHAvdXMtY2VudHJhbDEvaW5kZXhPcmdhbml6YXRpb24veEJmSHdFbFBGb0k {"name":"operations/aGVscC0yLWhlbHAvdXMtY2VudHJhbDEvaW5kZXhPcmdhbml6YXRpb24veEJmSHdFbFBGb0k","metadata":{"@type":"type.googleapis.com/google.cloud.functions.v1.OperationMetadataV1","target":"projects/help-2-help/locations/us-central1/functions/indexOrganization","type":"CREATE_FUNCTION","request":{"@type":"type.googleapis.com/google.cloud.functions.v1.CloudFunction","name":"projects/help-2-help/locations/us-central1/functions/indexOrganization","eventTrigger":{"eventType":"providers/cloud.firestore/eventTypes/document.create","resource":"projects/help-2-help/databases/(default)/documents/organization/{organizationId}","service":"firestore.googleapis.com"},"entryPoint":"indexOrganization","labels":{"deployment-tool":"cli-firebase"},"sourceUploadUrl":"https://storage.googleapis.com/gcf-upload-us-central1-a13eb551-86e7-4d0d-9f94-08da1fc5ea32/b554f02e-597f-4672-a07a-58d9348648bb.zip?GoogleAccessId=service-697938195108@gcf-admin-robot.iam.gserviceaccount.com&Expires=1615366024&Signature=gDHSAiBHhlUUIqyatuDzlDlKkHqXkPjhw0L%2FQflZPBYt1XSnJAJGLCMwVLwsJlwmIuNLa8PHwnwLdnIrfwtDH3jAbjOlK2jUznBOKgQ6%2FKnuuGxyM6nAJlnfmK%2Fq3W1Ijp%2BfUEcyS6Sw9nLErFawX2cJyyf0LEUJ47EpxAIaIqm1yS9GgKn9B5Hms6ddrUzWnegX73Bmgw6jsMatYd%2BRDR1Ob87QnuLPEhtnDYwCrK%2FAzQT2xyVdtfBeR6e9va71AkuQ4TQsEmMNLhMY4yN%2BogKCYyirmKSxuLuYv7YeELNVwl8T2FOmaiRninstoXIjgor4dcUobjw3CG1ERBNKzA%3D%3D","environmentVariables":{"FIREBASE_CONFIG":"{\"projectId\":\"help-2-help\",\"databaseURL\":\"https://help-2-help-default-rtdb.europe-west1.firebasedatabase.app\",\"storageBucket\":\"help-2-help.appspot.com\",\"locationId\":\"europe-west\"}"},"runtime":"nodejs12"},"versionId":"1","updateTime":"2021-03-10T08:17:05Z","buildId":"9b695a38-98fc-47d8-a98a-2e6471ef1d56"}}
[debug] [2021-03-10T08:18:10.988Z] [create-projects/help-2-help/locations/us-central1/functions/indexOrganization] Retrying task index 0
[debug] [2021-03-10T08:18:10.989Z] >>> [apiv2][query] GET https://cloudfunctions.googleapis.com/v1/operations/aGVscC0yLWhlbHAvdXMtY2VudHJhbDEvaW5kZXhPcmdhbml6YXRpb24veEJmSHdFbFBGb0k [none]
[debug] [2021-03-10T08:18:11.251Z] <<< [apiv2][status] GET https://cloudfunctions.googleapis.com/v1/operations/aGVscC0yLWhlbHAvdXMtY2VudHJhbDEvaW5kZXhPcmdhbml6YXRpb24veEJmSHdFbFBGb0k 200
[debug] [2021-03-10T08:18:11.252Z] <<< [apiv2][body] GET https://cloudfunctions.googleapis.com/v1/operations/aGVscC0yLWhlbHAvdXMtY2VudHJhbDEvaW5kZXhPcmdhbml6YXRpb24veEJmSHdFbFBGb0k {"name":"operations/aGVscC0yLWhlbHAvdXMtY2VudHJhbDEvaW5kZXhPcmdhbml6YXRpb24veEJmSHdFbFBGb0k","metadata":{"@type":"type.googleapis.com/google.cloud.functions.v1.OperationMetadataV1","target":"projects/help-2-help/locations/us-central1/functions/indexOrganization","type":"CREATE_FUNCTION","request":{"@type":"type.googleapis.com/google.cloud.functions.v1.CloudFunction","name":"projects/help-2-help/locations/us-central1/functions/indexOrganization","eventTrigger":{"eventType":"providers/cloud.firestore/eventTypes/document.create","resource":"projects/help-2-help/databases/(default)/documents/organization/{organizationId}","service":"firestore.googleapis.com"},"entryPoint":"indexOrganization","labels":{"deployment-tool":"cli-firebase"},"sourceUploadUrl":"https://storage.googleapis.com/gcf-upload-us-central1-a13eb551-86e7-4d0d-9f94-08da1fc5ea32/b554f02e-597f-4672-a07a-58d9348648bb.zip?GoogleAccessId=service-697938195108@gcf-admin-robot.iam.gserviceaccount.com&Expires=1615366024&Signature=gDHSAiBHhlUUIqyatuDzlDlKkHqXkPjhw0L%2FQflZPBYt1XSnJAJGLCMwVLwsJlwmIuNLa8PHwnwLdnIrfwtDH3jAbjOlK2jUznBOKgQ6%2FKnuuGxyM6nAJlnfmK%2Fq3W1Ijp%2BfUEcyS6Sw9nLErFawX2cJyyf0LEUJ47EpxAIaIqm1yS9GgKn9B5Hms6ddrUzWnegX73Bmgw6jsMatYd%2BRDR1Ob87QnuLPEhtnDYwCrK%2FAzQT2xyVdtfBeR6e9va71AkuQ4TQsEmMNLhMY4yN%2BogKCYyirmKSxuLuYv7YeELNVwl8T2FOmaiRninstoXIjgor4dcUobjw3CG1ERBNKzA%3D%3D","environmentVariables":{"FIREBASE_CONFIG":"{\"projectId\":\"help-2-help\",\"databaseURL\":\"https://help-2-help-default-rtdb.europe-west1.firebasedatabase.app\",\"storageBucket\":\"help-2-help.appspot.com\",\"locationId\":\"europe-west\"}"},"runtime":"nodejs12"},"versionId":"1","updateTime":"2021-03-10T08:17:05Z","buildId":"9b695a38-98fc-47d8-a98a-2e6471ef1d56","sourceToken":"8de336eb-76e7-4670-826a-7f59d7007963"}}
[debug] [2021-03-10T08:18:11.272Z] Got sourceToken 8de336eb-76e7-4670-826a-7f59d7007963 for region us-central1
[info] i  functions: creating Node.js 12 function unindexOrganization(us-central1)... 
[debug] [2021-03-10T08:18:11.291Z] > refreshing access token with scopes: ["email","https://www.googleapis.com/auth/cloud-platform","https://www.googleapis.com/auth/cloudplatformprojects.readonly","https://www.googleapis.com/auth/firebase","openid"]
[debug] [2021-03-10T08:18:11.293Z] >>> HTTP REQUEST POST https://www.googleapis.com/oauth2/v3/token  
 <request body omitted>
[debug] [2021-03-10T08:18:11.389Z] <<< HTTP RESPONSE 200 {"expires":"Mon, 01 Jan 1990 00:00:00 GMT","cache-control":"no-cache, no-store, max-age=0, must-revalidate","pragma":"no-cache","date":"Wed, 10 Mar 2021 08:18:11 GMT","content-type":"application/json; charset=utf-8","vary":"X-Origin, Referer, Origin,Accept-Encoding","server":"scaffolding on HTTPServer2","x-xss-protection":"0","x-frame-options":"SAMEORIGIN","x-content-type-options":"nosniff","alt-svc":"h3-29=\":443\"; ma=2592000,h3-T051=\":443\"; ma=2592000,h3-Q050=\":443\"; ma=2592000,h3-Q046=\":443\"; ma=2592000,h3-Q043=\":443\"; ma=2592000,quic=\":443\"; ma=2592000; v=\"46,43\"","accept-ranges":"none","transfer-encoding":"chunked"}
[debug] [2021-03-10T08:18:11.404Z] >>> HTTP REQUEST POST https://cloudfunctions.googleapis.com/v1/projects/help-2-help/locations/us-central1/functions  
 {"sourceUploadUrl":"https://storage.googleapis.com/gcf-upload-us-central1-a13eb551-86e7-4d0d-9f94-08da1fc5ea32/b554f02e-597f-4672-a07a-58d9348648bb.zip?GoogleAccessId=service-697938195108@gcf-admin-robot.iam.gserviceaccount.com&Expires=1615366024&Signature=gDHSAiBHhlUUIqyatuDzlDlKkHqXkPjhw0L%2FQflZPBYt1XSnJAJGLCMwVLwsJlwmIuNLa8PHwnwLdnIrfwtDH3jAbjOlK2jUznBOKgQ6%2FKnuuGxyM6nAJlnfmK%2Fq3W1Ijp%2BfUEcyS6Sw9nLErFawX2cJyyf0LEUJ47EpxAIaIqm1yS9GgKn9B5Hms6ddrUzWnegX73Bmgw6jsMatYd%2BRDR1Ob87QnuLPEhtnDYwCrK%2FAzQT2xyVdtfBeR6e9va71AkuQ4TQsEmMNLhMY4yN%2BogKCYyirmKSxuLuYv7YeELNVwl8T2FOmaiRninstoXIjgor4dcUobjw3CG1ERBNKzA%3D%3D","name":"projects/help-2-help/locations/us-central1/functions/unindexOrganization","entryPoint":"unindexOrganization","labels":{"deployment-tool":"cli-firebase"},"runtime":"nodejs12","environmentVariables":{"FIREBASE_CONFIG":"{\"projectId\":\"help-2-help\",\"databaseURL\":\"https://help-2-help-default-rtdb.europe-west1.firebasedatabase.app\",\"storageBucket\":\"help-2-help.appspot.com\",\"locationId\":\"europe-west\"}"},"sourceToken":"8de336eb-76e7-4670-826a-7f59d7007963","eventTrigger":{"resource":"projects/help-2-help/databases/(default)/documents/organization/{organizationId}","eventType":"providers/cloud.firestore/eventTypes/document.delete","service":"firestore.googleapis.com"}}
[debug] [2021-03-10T08:18:12.096Z] <<< HTTP RESPONSE 200 {"content-type":"application/json; charset=UTF-8","vary":"X-Origin, Referer, Origin,Accept-Encoding","date":"Wed, 10 Mar 2021 08:18:12 GMT","server":"ESF","cache-control":"private","x-xss-protection":"0","x-frame-options":"SAMEORIGIN","x-content-type-options":"nosniff","alt-svc":"h3-29=\":443\"; ma=2592000,h3-T051=\":443\"; ma=2592000,h3-Q050=\":443\"; ma=2592000,h3-Q046=\":443\"; ma=2592000,h3-Q043=\":443\"; ma=2592000,quic=\":443\"; ma=2592000; v=\"46,43\"","accept-ranges":"none","transfer-encoding":"chunked"}
[debug] [2021-03-10T08:18:12.098Z] > refreshing access token with scopes: []
[debug] [2021-03-10T08:18:12.112Z] >>> HTTP REQUEST POST https://www.googleapis.com/oauth2/v3/token  
 <request body omitted>
[debug] [2021-03-10T08:18:12.200Z] <<< HTTP RESPONSE 200 {"pragma":"no-cache","expires":"Mon, 01 Jan 1990 00:00:00 GMT","date":"Wed, 10 Mar 2021 08:18:12 GMT","cache-control":"no-cache, no-store, max-age=0, must-revalidate","content-type":"application/json; charset=utf-8","vary":"X-Origin, Referer, Origin,Accept-Encoding","server":"scaffolding on HTTPServer2","x-xss-protection":"0","x-frame-options":"SAMEORIGIN","x-content-type-options":"nosniff","alt-svc":"h3-29=\":443\"; ma=2592000,h3-T051=\":443\"; ma=2592000,h3-Q050=\":443\"; ma=2592000,h3-Q046=\":443\"; ma=2592000,h3-Q043=\":443\"; ma=2592000,quic=\":443\"; ma=2592000; v=\"46,43\"","accept-ranges":"none","transfer-encoding":"chunked"}
[debug] [2021-03-10T08:18:12.215Z] >>> [apiv2][query] GET https://cloudfunctions.googleapis.com/v1/operations/aGVscC0yLWhlbHAvdXMtY2VudHJhbDEvdW5pbmRleE9yZ2FuaXphdGlvbi94SzlRaExMTXFmVQ [none]
[debug] [2021-03-10T08:18:12.443Z] <<< [apiv2][status] GET https://cloudfunctions.googleapis.com/v1/operations/aGVscC0yLWhlbHAvdXMtY2VudHJhbDEvdW5pbmRleE9yZ2FuaXphdGlvbi94SzlRaExMTXFmVQ 200
[debug] [2021-03-10T08:18:12.444Z] <<< [apiv2][body] GET https://cloudfunctions.googleapis.com/v1/operations/aGVscC0yLWhlbHAvdXMtY2VudHJhbDEvdW5pbmRleE9yZ2FuaXphdGlvbi94SzlRaExMTXFmVQ {"name":"operations/aGVscC0yLWhlbHAvdXMtY2VudHJhbDEvdW5pbmRleE9yZ2FuaXphdGlvbi94SzlRaExMTXFmVQ","metadata":{"@type":"type.googleapis.com/google.cloud.functions.v1.OperationMetadataV1","target":"projects/help-2-help/locations/us-central1/functions/unindexOrganization","type":"CREATE_FUNCTION","request":{"@type":"type.googleapis.com/google.cloud.functions.v1.CloudFunction","name":"projects/help-2-help/locations/us-central1/functions/unindexOrganization","eventTrigger":{"eventType":"providers/cloud.firestore/eventTypes/document.delete","resource":"projects/help-2-help/databases/(default)/documents/organization/{organizationId}","service":"firestore.googleapis.com"},"entryPoint":"unindexOrganization","labels":{"deployment-tool":"cli-firebase"},"sourceUploadUrl":"https://storage.googleapis.com/gcf-upload-us-central1-a13eb551-86e7-4d0d-9f94-08da1fc5ea32/b554f02e-597f-4672-a07a-58d9348648bb.zip?GoogleAccessId=service-697938195108@gcf-admin-robot.iam.gserviceaccount.com&Expires=1615366024&Signature=gDHSAiBHhlUUIqyatuDzlDlKkHqXkPjhw0L%2FQflZPBYt1XSnJAJGLCMwVLwsJlwmIuNLa8PHwnwLdnIrfwtDH3jAbjOlK2jUznBOKgQ6%2FKnuuGxyM6nAJlnfmK%2Fq3W1Ijp%2BfUEcyS6Sw9nLErFawX2cJyyf0LEUJ47EpxAIaIqm1yS9GgKn9B5Hms6ddrUzWnegX73Bmgw6jsMatYd%2BRDR1Ob87QnuLPEhtnDYwCrK%2FAzQT2xyVdtfBeR6e9va71AkuQ4TQsEmMNLhMY4yN%2BogKCYyirmKSxuLuYv7YeELNVwl8T2FOmaiRninstoXIjgor4dcUobjw3CG1ERBNKzA%3D%3D","environmentVariables":{"FIREBASE_CONFIG":"{\"projectId\":\"help-2-help\",\"databaseURL\":\"https://help-2-help-default-rtdb.europe-west1.firebasedatabase.app\",\"storageBucket\":\"help-2-help.appspot.com\",\"locationId\":\"europe-west\"}"},"runtime":"nodejs12","sourceToken":"8de336eb-76e7-4670-826a-7f59d7007963"},"versionId":"1","updateTime":"2021-03-10T08:18:12Z","sourceToken":"8de336eb-76e7-4670-826a-7f59d7007963"}}
[debug] [2021-03-10T08:18:12.962Z] [create-projects/help-2-help/locations/us-central1/functions/unindexOrganization] Retrying task index 0
[debug] [2021-03-10T08:18:12.965Z] >>> [apiv2][query] GET https://cloudfunctions.googleapis.com/v1/operations/aGVscC0yLWhlbHAvdXMtY2VudHJhbDEvdW5pbmRleE9yZ2FuaXphdGlvbi94SzlRaExMTXFmVQ [none]
[debug] [2021-03-10T08:18:13.200Z] <<< [apiv2][status] GET https://cloudfunctions.googleapis.com/v1/operations/aGVscC0yLWhlbHAvdXMtY2VudHJhbDEvdW5pbmRleE9yZ2FuaXphdGlvbi94SzlRaExMTXFmVQ 200
[debug] [2021-03-10T08:18:13.201Z] <<< [apiv2][body] GET https://cloudfunctions.googleapis.com/v1/operations/aGVscC0yLWhlbHAvdXMtY2VudHJhbDEvdW5pbmRleE9yZ2FuaXphdGlvbi94SzlRaExMTXFmVQ {"name":"operations/aGVscC0yLWhlbHAvdXMtY2VudHJhbDEvdW5pbmRleE9yZ2FuaXphdGlvbi94SzlRaExMTXFmVQ","metadata":{"@type":"type.googleapis.com/google.cloud.functions.v1.OperationMetadataV1","target":"projects/help-2-help/locations/us-central1/functions/unindexOrganization","type":"CREATE_FUNCTION","request":{"@type":"type.googleapis.com/google.cloud.functions.v1.CloudFunction","name":"projects/help-2-help/locations/us-central1/functions/unindexOrganization","eventTrigger":{"eventType":"providers/cloud.firestore/eventTypes/document.delete","resource":"projects/help-2-help/databases/(default)/documents/organization/{organizationId}","service":"firestore.googleapis.com"},"entryPoint":"unindexOrganization","labels":{"deployment-tool":"cli-firebase"},"sourceUploadUrl":"https://storage.googleapis.com/gcf-upload-us-central1-a13eb551-86e7-4d0d-9f94-08da1fc5ea32/b554f02e-597f-4672-a07a-58d9348648bb.zip?GoogleAccessId=service-697938195108@gcf-admin-robot.iam.gserviceaccount.com&Expires=1615366024&Signature=gDHSAiBHhlUUIqyatuDzlDlKkHqXkPjhw0L%2FQflZPBYt1XSnJAJGLCMwVLwsJlwmIuNLa8PHwnwLdnIrfwtDH3jAbjOlK2jUznBOKgQ6%2FKnuuGxyM6nAJlnfmK%2Fq3W1Ijp%2BfUEcyS6Sw9nLErFawX2cJyyf0LEUJ47EpxAIaIqm1yS9GgKn9B5Hms6ddrUzWnegX73Bmgw6jsMatYd%2BRDR1Ob87QnuLPEhtnDYwCrK%2FAzQT2xyVdtfBeR6e9va71AkuQ4TQsEmMNLhMY4yN%2BogKCYyirmKSxuLuYv7YeELNVwl8T2FOmaiRninstoXIjgor4dcUobjw3CG1ERBNKzA%3D%3D","environmentVariables":{"FIREBASE_CONFIG":"{\"projectId\":\"help-2-help\",\"databaseURL\":\"https://help-2-help-default-rtdb.europe-west1.firebasedatabase.app\",\"storageBucket\":\"help-2-help.appspot.com\",\"locationId\":\"europe-west\"}"},"runtime":"nodejs12","sourceToken":"8de336eb-76e7-4670-826a-7f59d7007963"},"versionId":"1","updateTime":"2021-03-10T08:18:12Z","sourceToken":"8de336eb-76e7-4670-826a-7f59d7007963"}}
[debug] [2021-03-10T08:18:14.222Z] [create-projects/help-2-help/locations/us-central1/functions/unindexOrganization] Retrying task index 0
[debug] [2021-03-10T08:18:14.223Z] >>> [apiv2][query] GET https://cloudfunctions.googleapis.com/v1/operations/aGVscC0yLWhlbHAvdXMtY2VudHJhbDEvdW5pbmRleE9yZ2FuaXphdGlvbi94SzlRaExMTXFmVQ [none]
[debug] [2021-03-10T08:18:14.516Z] <<< [apiv2][status] GET https://cloudfunctions.googleapis.com/v1/operations/aGVscC0yLWhlbHAvdXMtY2VudHJhbDEvdW5pbmRleE9yZ2FuaXphdGlvbi94SzlRaExMTXFmVQ 200
[debug] [2021-03-10T08:18:14.517Z] <<< [apiv2][body] GET https://cloudfunctions.googleapis.com/v1/operations/aGVscC0yLWhlbHAvdXMtY2VudHJhbDEvdW5pbmRleE9yZ2FuaXphdGlvbi94SzlRaExMTXFmVQ {"name":"operations/aGVscC0yLWhlbHAvdXMtY2VudHJhbDEvdW5pbmRleE9yZ2FuaXphdGlvbi94SzlRaExMTXFmVQ","metadata":{"@type":"type.googleapis.com/google.cloud.functions.v1.OperationMetadataV1","target":"projects/help-2-help/locations/us-central1/functions/unindexOrganization","type":"CREATE_FUNCTION","request":{"@type":"type.googleapis.com/google.cloud.functions.v1.CloudFunction","name":"projects/help-2-help/locations/us-central1/functions/unindexOrganization","eventTrigger":{"eventType":"providers/cloud.firestore/eventTypes/document.delete","resource":"projects/help-2-help/databases/(default)/documents/organization/{organizationId}","service":"firestore.googleapis.com"},"entryPoint":"unindexOrganization","labels":{"deployment-tool":"cli-firebase"},"sourceUploadUrl":"https://storage.googleapis.com/gcf-upload-us-central1-a13eb551-86e7-4d0d-9f94-08da1fc5ea32/b554f02e-597f-4672-a07a-58d9348648bb.zip?GoogleAccessId=service-697938195108@gcf-admin-robot.iam.gserviceaccount.com&Expires=1615366024&Signature=gDHSAiBHhlUUIqyatuDzlDlKkHqXkPjhw0L%2FQflZPBYt1XSnJAJGLCMwVLwsJlwmIuNLa8PHwnwLdnIrfwtDH3jAbjOlK2jUznBOKgQ6%2FKnuuGxyM6nAJlnfmK%2Fq3W1Ijp%2BfUEcyS6Sw9nLErFawX2cJyyf0LEUJ47EpxAIaIqm1yS9GgKn9B5Hms6ddrUzWnegX73Bmgw6jsMatYd%2BRDR1Ob87QnuLPEhtnDYwCrK%2FAzQT2xyVdtfBeR6e9va71AkuQ4TQsEmMNLhMY4yN%2BogKCYyirmKSxuLuYv7YeELNVwl8T2FOmaiRninstoXIjgor4dcUobjw3CG1ERBNKzA%3D%3D","environmentVariables":{"FIREBASE_CONFIG":"{\"projectId\":\"help-2-help\",\"databaseURL\":\"https://help-2-help-default-rtdb.europe-west1.firebasedatabase.app\",\"storageBucket\":\"help-2-help.appspot.com\",\"locationId\":\"europe-west\"}"},"runtime":"nodejs12","sourceToken":"8de336eb-76e7-4670-826a-7f59d7007963"},"versionId":"1","updateTime":"2021-03-10T08:18:12Z","buildId":"9b695a38-98fc-47d8-a98a-2e6471ef1d56","sourceToken":"8de336eb-76e7-4670-826a-7f59d7007963"}}
[debug] [2021-03-10T08:18:16.563Z] [create-projects/help-2-help/locations/us-central1/functions/unindexOrganization] Retrying task index 0
[debug] [2021-03-10T08:18:16.565Z] >>> [apiv2][query] GET https://cloudfunctions.googleapis.com/v1/operations/aGVscC0yLWhlbHAvdXMtY2VudHJhbDEvdW5pbmRleE9yZ2FuaXphdGlvbi94SzlRaExMTXFmVQ [none]
[debug] [2021-03-10T08:18:16.796Z] <<< [apiv2][status] GET https://cloudfunctions.googleapis.com/v1/operations/aGVscC0yLWhlbHAvdXMtY2VudHJhbDEvdW5pbmRleE9yZ2FuaXphdGlvbi94SzlRaExMTXFmVQ 200
[debug] [2021-03-10T08:18:16.797Z] <<< [apiv2][body] GET https://cloudfunctions.googleapis.com/v1/operations/aGVscC0yLWhlbHAvdXMtY2VudHJhbDEvdW5pbmRleE9yZ2FuaXphdGlvbi94SzlRaExMTXFmVQ {"name":"operations/aGVscC0yLWhlbHAvdXMtY2VudHJhbDEvdW5pbmRleE9yZ2FuaXphdGlvbi94SzlRaExMTXFmVQ","metadata":{"@type":"type.googleapis.com/google.cloud.functions.v1.OperationMetadataV1","target":"projects/help-2-help/locations/us-central1/functions/unindexOrganization","type":"CREATE_FUNCTION","request":{"@type":"type.googleapis.com/google.cloud.functions.v1.CloudFunction","name":"projects/help-2-help/locations/us-central1/functions/unindexOrganization","eventTrigger":{"eventType":"providers/cloud.firestore/eventTypes/document.delete","resource":"projects/help-2-help/databases/(default)/documents/organization/{organizationId}","service":"firestore.googleapis.com"},"entryPoint":"unindexOrganization","labels":{"deployment-tool":"cli-firebase"},"sourceUploadUrl":"https://storage.googleapis.com/gcf-upload-us-central1-a13eb551-86e7-4d0d-9f94-08da1fc5ea32/b554f02e-597f-4672-a07a-58d9348648bb.zip?GoogleAccessId=service-697938195108@gcf-admin-robot.iam.gserviceaccount.com&Expires=1615366024&Signature=gDHSAiBHhlUUIqyatuDzlDlKkHqXkPjhw0L%2FQflZPBYt1XSnJAJGLCMwVLwsJlwmIuNLa8PHwnwLdnIrfwtDH3jAbjOlK2jUznBOKgQ6%2FKnuuGxyM6nAJlnfmK%2Fq3W1Ijp%2BfUEcyS6Sw9nLErFawX2cJyyf0LEUJ47EpxAIaIqm1yS9GgKn9B5Hms6ddrUzWnegX73Bmgw6jsMatYd%2BRDR1Ob87QnuLPEhtnDYwCrK%2FAzQT2xyVdtfBeR6e9va71AkuQ4TQsEmMNLhMY4yN%2BogKCYyirmKSxuLuYv7YeELNVwl8T2FOmaiRninstoXIjgor4dcUobjw3CG1ERBNKzA%3D%3D","environmentVariables":{"FIREBASE_CONFIG":"{\"projectId\":\"help-2-help\",\"databaseURL\":\"https://help-2-help-default-rtdb.europe-west1.firebasedatabase.app\",\"storageBucket\":\"help-2-help.appspot.com\",\"locationId\":\"europe-west\"}"},"runtime":"nodejs12","sourceToken":"8de336eb-76e7-4670-826a-7f59d7007963"},"versionId":"1","updateTime":"2021-03-10T08:18:12Z","buildId":"9b695a38-98fc-47d8-a98a-2e6471ef1d56","sourceToken":"8de336eb-76e7-4670-826a-7f59d7007963"}}
[debug] [2021-03-10T08:18:20.829Z] [create-projects/help-2-help/locations/us-central1/functions/unindexOrganization] Retrying task index 0
[debug] [2021-03-10T08:18:20.830Z] >>> [apiv2][query] GET https://cloudfunctions.googleapis.com/v1/operations/aGVscC0yLWhlbHAvdXMtY2VudHJhbDEvdW5pbmRleE9yZ2FuaXphdGlvbi94SzlRaExMTXFmVQ [none]
[debug] [2021-03-10T08:18:21.049Z] <<< [apiv2][status] GET https://cloudfunctions.googleapis.com/v1/operations/aGVscC0yLWhlbHAvdXMtY2VudHJhbDEvdW5pbmRleE9yZ2FuaXphdGlvbi94SzlRaExMTXFmVQ 200
[debug] [2021-03-10T08:18:21.050Z] <<< [apiv2][body] GET https://cloudfunctions.googleapis.com/v1/operations/aGVscC0yLWhlbHAvdXMtY2VudHJhbDEvdW5pbmRleE9yZ2FuaXphdGlvbi94SzlRaExMTXFmVQ {"name":"operations/aGVscC0yLWhlbHAvdXMtY2VudHJhbDEvdW5pbmRleE9yZ2FuaXphdGlvbi94SzlRaExMTXFmVQ","metadata":{"@type":"type.googleapis.com/google.cloud.functions.v1.OperationMetadataV1","target":"projects/help-2-help/locations/us-central1/functions/unindexOrganization","type":"CREATE_FUNCTION","request":{"@type":"type.googleapis.com/google.cloud.functions.v1.CloudFunction","name":"projects/help-2-help/locations/us-central1/functions/unindexOrganization","eventTrigger":{"eventType":"providers/cloud.firestore/eventTypes/document.delete","resource":"projects/help-2-help/databases/(default)/documents/organization/{organizationId}","service":"firestore.googleapis.com"},"entryPoint":"unindexOrganization","labels":{"deployment-tool":"cli-firebase"},"sourceUploadUrl":"https://storage.googleapis.com/gcf-upload-us-central1-a13eb551-86e7-4d0d-9f94-08da1fc5ea32/b554f02e-597f-4672-a07a-58d9348648bb.zip?GoogleAccessId=service-697938195108@gcf-admin-robot.iam.gserviceaccount.com&Expires=1615366024&Signature=gDHSAiBHhlUUIqyatuDzlDlKkHqXkPjhw0L%2FQflZPBYt1XSnJAJGLCMwVLwsJlwmIuNLa8PHwnwLdnIrfwtDH3jAbjOlK2jUznBOKgQ6%2FKnuuGxyM6nAJlnfmK%2Fq3W1Ijp%2BfUEcyS6Sw9nLErFawX2cJyyf0LEUJ47EpxAIaIqm1yS9GgKn9B5Hms6ddrUzWnegX73Bmgw6jsMatYd%2BRDR1Ob87QnuLPEhtnDYwCrK%2FAzQT2xyVdtfBeR6e9va71AkuQ4TQsEmMNLhMY4yN%2BogKCYyirmKSxuLuYv7YeELNVwl8T2FOmaiRninstoXIjgor4dcUobjw3CG1ERBNKzA%3D%3D","environmentVariables":{"FIREBASE_CONFIG":"{\"projectId\":\"help-2-help\",\"databaseURL\":\"https://help-2-help-default-rtdb.europe-west1.firebasedatabase.app\",\"storageBucket\":\"help-2-help.appspot.com\",\"locationId\":\"europe-west\"}"},"runtime":"nodejs12","sourceToken":"8de336eb-76e7-4670-826a-7f59d7007963"},"versionId":"1","updateTime":"2021-03-10T08:18:12Z","buildId":"9b695a38-98fc-47d8-a98a-2e6471ef1d56","sourceToken":"8de336eb-76e7-4670-826a-7f59d7007963"}}
[debug] [2021-03-10T08:18:29.074Z] [create-projects/help-2-help/locations/us-central1/functions/unindexOrganization] Retrying task index 0
[debug] [2021-03-10T08:18:29.075Z] >>> [apiv2][query] GET https://cloudfunctions.googleapis.com/v1/operations/aGVscC0yLWhlbHAvdXMtY2VudHJhbDEvdW5pbmRleE9yZ2FuaXphdGlvbi94SzlRaExMTXFmVQ [none]
[debug] [2021-03-10T08:18:29.335Z] <<< [apiv2][status] GET https://cloudfunctions.googleapis.com/v1/operations/aGVscC0yLWhlbHAvdXMtY2VudHJhbDEvdW5pbmRleE9yZ2FuaXphdGlvbi94SzlRaExMTXFmVQ 200
[debug] [2021-03-10T08:18:29.336Z] <<< [apiv2][body] GET https://cloudfunctions.googleapis.com/v1/operations/aGVscC0yLWhlbHAvdXMtY2VudHJhbDEvdW5pbmRleE9yZ2FuaXphdGlvbi94SzlRaExMTXFmVQ {"name":"operations/aGVscC0yLWhlbHAvdXMtY2VudHJhbDEvdW5pbmRleE9yZ2FuaXphdGlvbi94SzlRaExMTXFmVQ","metadata":{"@type":"type.googleapis.com/google.cloud.functions.v1.OperationMetadataV1","target":"projects/help-2-help/locations/us-central1/functions/unindexOrganization","type":"CREATE_FUNCTION","request":{"@type":"type.googleapis.com/google.cloud.functions.v1.CloudFunction","name":"projects/help-2-help/locations/us-central1/functions/unindexOrganization","eventTrigger":{"eventType":"providers/cloud.firestore/eventTypes/document.delete","resource":"projects/help-2-help/databases/(default)/documents/organization/{organizationId}","service":"firestore.googleapis.com"},"entryPoint":"unindexOrganization","labels":{"deployment-tool":"cli-firebase"},"sourceUploadUrl":"https://storage.googleapis.com/gcf-upload-us-central1-a13eb551-86e7-4d0d-9f94-08da1fc5ea32/b554f02e-597f-4672-a07a-58d9348648bb.zip?GoogleAccessId=service-697938195108@gcf-admin-robot.iam.gserviceaccount.com&Expires=1615366024&Signature=gDHSAiBHhlUUIqyatuDzlDlKkHqXkPjhw0L%2FQflZPBYt1XSnJAJGLCMwVLwsJlwmIuNLa8PHwnwLdnIrfwtDH3jAbjOlK2jUznBOKgQ6%2FKnuuGxyM6nAJlnfmK%2Fq3W1Ijp%2BfUEcyS6Sw9nLErFawX2cJyyf0LEUJ47EpxAIaIqm1yS9GgKn9B5Hms6ddrUzWnegX73Bmgw6jsMatYd%2BRDR1Ob87QnuLPEhtnDYwCrK%2FAzQT2xyVdtfBeR6e9va71AkuQ4TQsEmMNLhMY4yN%2BogKCYyirmKSxuLuYv7YeELNVwl8T2FOmaiRninstoXIjgor4dcUobjw3CG1ERBNKzA%3D%3D","environmentVariables":{"FIREBASE_CONFIG":"{\"projectId\":\"help-2-help\",\"databaseURL\":\"https://help-2-help-default-rtdb.europe-west1.firebasedatabase.app\",\"storageBucket\":\"help-2-help.appspot.com\",\"locationId\":\"europe-west\"}"},"runtime":"nodejs12","sourceToken":"8de336eb-76e7-4670-826a-7f59d7007963"},"versionId":"1","updateTime":"2021-03-10T08:18:26Z","buildId":"9b695a38-98fc-47d8-a98a-2e6471ef1d56","sourceToken":"8de336eb-76e7-4670-826a-7f59d7007963"},"done":true,"response":{"@type":"type.googleapis.com/google.cloud.functions.v1.CloudFunction","name":"projects/help-2-help/locations/us-central1/functions/unindexOrganization","eventTrigger":{"eventType":"providers/cloud.firestore/eventTypes/document.delete","resource":"projects/help-2-help/databases/(default)/documents/organization/{organizationId}","service":"firestore.googleapis.com","failurePolicy":{}},"status":"ACTIVE","entryPoint":"unindexOrganization","timeout":"60s","availableMemoryMb":256,"serviceAccountEmail":"help-2-help@appspot.gserviceaccount.com","updateTime":"2021-03-10T08:18:26.497Z","versionId":"1","labels":{"deployment-tool":"cli-firebase"},"sourceUploadUrl":"https://storage.googleapis.com/gcf-upload-us-central1-a13eb551-86e7-4d0d-9f94-08da1fc5ea32/b554f02e-597f-4672-a07a-58d9348648bb.zip?GoogleAccessId=service-697938195108@gcf-admin-robot.iam.gserviceaccount.com&Expires=1615366024&Signature=gDHSAiBHhlUUIqyatuDzlDlKkHqXkPjhw0L%2FQflZPBYt1XSnJAJGLCMwVLwsJlwmIuNLa8PHwnwLdnIrfwtDH3jAbjOlK2jUznBOKgQ6%2FKnuuGxyM6nAJlnfmK%2Fq3W1Ijp%2BfUEcyS6Sw9nLErFawX2cJyyf0LEUJ47EpxAIaIqm1yS9GgKn9B5Hms6ddrUzWnegX73Bmgw6jsMatYd%2BRDR1Ob87QnuLPEhtnDYwCrK%2FAzQT2xyVdtfBeR6e9va71AkuQ4TQsEmMNLhMY4yN%2BogKCYyirmKSxuLuYv7YeELNVwl8T2FOmaiRninstoXIjgor4dcUobjw3CG1ERBNKzA%3D%3D","environmentVariables":{"FIREBASE_CONFIG":"{\"projectId\":\"help-2-help\",\"databaseURL\":\"https://help-2-help-default-rtdb.europe-west1.firebasedatabase.app\",\"storageBucket\":\"help-2-help.appspot.com\",\"locationId\":\"europe-west\"}"},"runtime":"nodejs12","ingressSettings":"ALLOW_ALL","buildId":"9b695a38-98fc-47d8-a98a-2e6471ef1d56"}}
[info] +  functions[unindexOrganization(us-central1)]: Successful create operation.  
[debug] [2021-03-10T08:19:15.310Z] [create-projects/help-2-help/locations/us-central1/functions/indexOrganization] Retrying task index 0
[debug] [2021-03-10T08:19:15.311Z] >>> [apiv2][query] GET https://cloudfunctions.googleapis.com/v1/operations/aGVscC0yLWhlbHAvdXMtY2VudHJhbDEvaW5kZXhPcmdhbml6YXRpb24veEJmSHdFbFBGb0k [none]
[debug] [2021-03-10T08:19:15.570Z] <<< [apiv2][status] GET https://cloudfunctions.googleapis.com/v1/operations/aGVscC0yLWhlbHAvdXMtY2VudHJhbDEvaW5kZXhPcmdhbml6YXRpb24veEJmSHdFbFBGb0k 200
[debug] [2021-03-10T08:19:15.571Z] <<< [apiv2][body] GET https://cloudfunctions.googleapis.com/v1/operations/aGVscC0yLWhlbHAvdXMtY2VudHJhbDEvaW5kZXhPcmdhbml6YXRpb24veEJmSHdFbFBGb0k {"name":"operations/aGVscC0yLWhlbHAvdXMtY2VudHJhbDEvaW5kZXhPcmdhbml6YXRpb24veEJmSHdFbFBGb0k","metadata":{"@type":"type.googleapis.com/google.cloud.functions.v1.OperationMetadataV1","target":"projects/help-2-help/locations/us-central1/functions/indexOrganization","type":"CREATE_FUNCTION","request":{"@type":"type.googleapis.com/google.cloud.functions.v1.CloudFunction","name":"projects/help-2-help/locations/us-central1/functions/indexOrganization","eventTrigger":{"eventType":"providers/cloud.firestore/eventTypes/document.create","resource":"projects/help-2-help/databases/(default)/documents/organization/{organizationId}","service":"firestore.googleapis.com"},"entryPoint":"indexOrganization","labels":{"deployment-tool":"cli-firebase"},"sourceUploadUrl":"https://storage.googleapis.com/gcf-upload-us-central1-a13eb551-86e7-4d0d-9f94-08da1fc5ea32/b554f02e-597f-4672-a07a-58d9348648bb.zip?GoogleAccessId=service-697938195108@gcf-admin-robot.iam.gserviceaccount.com&Expires=1615366024&Signature=gDHSAiBHhlUUIqyatuDzlDlKkHqXkPjhw0L%2FQflZPBYt1XSnJAJGLCMwVLwsJlwmIuNLa8PHwnwLdnIrfwtDH3jAbjOlK2jUznBOKgQ6%2FKnuuGxyM6nAJlnfmK%2Fq3W1Ijp%2BfUEcyS6Sw9nLErFawX2cJyyf0LEUJ47EpxAIaIqm1yS9GgKn9B5Hms6ddrUzWnegX73Bmgw6jsMatYd%2BRDR1Ob87QnuLPEhtnDYwCrK%2FAzQT2xyVdtfBeR6e9va71AkuQ4TQsEmMNLhMY4yN%2BogKCYyirmKSxuLuYv7YeELNVwl8T2FOmaiRninstoXIjgor4dcUobjw3CG1ERBNKzA%3D%3D","environmentVariables":{"FIREBASE_CONFIG":"{\"projectId\":\"help-2-help\",\"databaseURL\":\"https://help-2-help-default-rtdb.europe-west1.firebasedatabase.app\",\"storageBucket\":\"help-2-help.appspot.com\",\"locationId\":\"europe-west\"}"},"runtime":"nodejs12"},"versionId":"1","updateTime":"2021-03-10T08:18:16Z","buildId":"9b695a38-98fc-47d8-a98a-2e6471ef1d56","sourceToken":"8de336eb-76e7-4670-826a-7f59d7007963"},"done":true,"response":{"@type":"type.googleapis.com/google.cloud.functions.v1.CloudFunction","name":"projects/help-2-help/locations/us-central1/functions/indexOrganization","eventTrigger":{"eventType":"providers/cloud.firestore/eventTypes/document.create","resource":"projects/help-2-help/databases/(default)/documents/organization/{organizationId}","service":"firestore.googleapis.com","failurePolicy":{}},"status":"ACTIVE","entryPoint":"indexOrganization","timeout":"60s","availableMemoryMb":256,"serviceAccountEmail":"help-2-help@appspot.gserviceaccount.com","updateTime":"2021-03-10T08:18:16.644Z","versionId":"1","labels":{"deployment-tool":"cli-firebase"},"sourceUploadUrl":"https://storage.googleapis.com/gcf-upload-us-central1-a13eb551-86e7-4d0d-9f94-08da1fc5ea32/b554f02e-597f-4672-a07a-58d9348648bb.zip?GoogleAccessId=service-697938195108@gcf-admin-robot.iam.gserviceaccount.com&Expires=1615366024&Signature=gDHSAiBHhlUUIqyatuDzlDlKkHqXkPjhw0L%2FQflZPBYt1XSnJAJGLCMwVLwsJlwmIuNLa8PHwnwLdnIrfwtDH3jAbjOlK2jUznBOKgQ6%2FKnuuGxyM6nAJlnfmK%2Fq3W1Ijp%2BfUEcyS6Sw9nLErFawX2cJyyf0LEUJ47EpxAIaIqm1yS9GgKn9B5Hms6ddrUzWnegX73Bmgw6jsMatYd%2BRDR1Ob87QnuLPEhtnDYwCrK%2FAzQT2xyVdtfBeR6e9va71AkuQ4TQsEmMNLhMY4yN%2BogKCYyirmKSxuLuYv7YeELNVwl8T2FOmaiRninstoXIjgor4dcUobjw3CG1ERBNKzA%3D%3D","environmentVariables":{"FIREBASE_CONFIG":"{\"projectId\":\"help-2-help\",\"databaseURL\":\"https://help-2-help-default-rtdb.europe-west1.firebasedatabase.app\",\"storageBucket\":\"help-2-help.appspot.com\",\"locationId\":\"europe-west\"}"},"runtime":"nodejs12","ingressSettings":"ALLOW_ALL","buildId":"9b695a38-98fc-47d8-a98a-2e6471ef1d56"}}
[info] +  functions[indexOrganization(us-central1)]: Successful create operation.  
[debug] [2021-03-10T08:19:15.600Z] Total Function Deployment time: 131062
[debug] [2021-03-10T08:19:15.601Z] 2 Functions Deployed
[debug] [2021-03-10T08:19:15.601Z] 0 Functions Errored
[debug] [2021-03-10T08:19:15.602Z] Average Function Deployment time: 74621.5
[debug] [2021-03-10T08:19:15.603Z] > refreshing access token with scopes: ["email","https://www.googleapis.com/auth/cloud-platform","https://www.googleapis.com/auth/cloudplatformprojects.readonly","https://www.googleapis.com/auth/firebase","openid"]
[debug] [2021-03-10T08:19:15.604Z] >>> HTTP REQUEST POST https://www.googleapis.com/oauth2/v3/token  
 <request body omitted>
[info] 
[info] +  Deploy complete! 
[info] 
[info] Project Console: https://console.firebase.google.com/project/help-2-help/overview
